<?xml version="1.0" encoding="UTF-8" ?>
<testsuite errors="1" failures="0" hostname="FNBU923YLG3" name="za.co.pokerface.test.MainTest" skipped="0" tests="1" time="0.0" timestamp="2024-04-11T09:56:34">
  <properties>
    <property name="ant.library.dir" value="C:\Users\f5156165\AppData\Local\JetBrains\IntelliJ IDEA Community Edition 2022.3.1\lib\ant\lib" />
    <property name="env.NUMBER_OF_PROCESSORS" value="8" />
    <property name="env.USERPROFILE" value="C:\Users\f5156165" />
    <property name="java.specification.version" value="17" />
    <property name="ant.project.name" value="PokerAce" />
    <property name="sun.cpu.isalist" value="amd64" />
    <property name="env.STTASKFOLDERPATH" value="Ivanti\PatchSDK\Deployments" />
    <property name="sun.jnu.encoding" value="Cp1252" />
    <property name="sun.arch.data.model" value="64" />
    <property name="debuglevel" value="source,lines,vars" />
    <property name="java.vendor.url" value="https://java.oracle.com/" />
    <property name="env.CommonProgramW6432" value="C:\Program Files\Common Files" />
    <property name="env.UATDATA" value="C:\WINDOWS\CCM\UATData\D9F8C395-CAB8-491d-B8AC-179A1FE1BE77" />
    <property name="env.OS" value="Windows_NT" />
    <property name="sun.boot.library.path" value="C:\Program Files\Java\jdk-17.0.4\bin" />
    <property name="sun.java.command" value="org.apache.tools.ant.taskdefs.optional.junit.JUnitTestRunner za.co.pokerface.test.MainTest skipNonTests=false filtertrace=true haltOnError=false haltOnFailure=false formatter=org.apache.tools.ant.taskdefs.optional.junit.OutErrSummaryJUnitResultFormatter showoutput=false outputtoformatters=true logfailedtests=true threadid=0 logtestlistenerevents=false formatter=org.apache.tools.ant.taskdefs.optional.junit.XMLJUnitResultFormatter,C:\Users\f5156165\IdeaProjects\PokerAce\junit\TEST-za.co.pokerface.test.MainTest.xml crashfile=C:\Users\f5156165\IdeaProjects\PokerAce\junitvmwatcher17401984562085438971.properties propsfile=C:\Users\f5156165\IdeaProjects\PokerAce\junit18303656416379105096.properties" />
    <property name="jdk.debug" value="release" />
    <property name="env.ComSpec" value="C:\WINDOWS\system32\cmd.exe" />
    <property name="java.specification.vendor" value="Oracle Corporation" />
    <property name="env.MSMPI_BIN" value="C:\Program Files\Microsoft MPI\Bin\" />
    <property name="java.version.date" value="2022-07-19" />
    <property name="env.JAVA_HOME" value="C:\Program Files\Java\jdk-17.0.4" />
    <property name="java.home" value="C:\Program Files\Java\jdk-17.0.4" />
    <property name="env.OneDriveCommercial" value="C:\Users\f5156165\OneDrive - FRG" />
    <property name="basedir" value="C:\Users\f5156165\IdeaProjects\PokerAce" />
    <property name="env.ProgramFiles" value="C:\Program Files" />
    <property name="file.separator" value="\" />
    <property name="java.vm.compressedOopsMode" value="Zero based" />
    <property name="line.separator" value="&#xd;&#xa;" />
    <property name="java.specification.name" value="Java Platform API Specification" />
    <property name="java.vm.specification.vendor" value="Oracle Corporation" />
    <property name="env.LOCALAPPDATA" value="C:\Users\f5156165\AppData\Local" />
    <property name="env.USERDOMAIN_ROAMINGPROFILE" value="FNBJNB01" />
    <property name="env.PROCESSOR_REVISION" value="8c01" />
    <property name="user.script" value="" />
    <property name="env.PSModulePath" value="C:\WINDOWS\system32\config\systemprofile\Documents\WindowsPowerShell\Modules;C:\Program Files\WindowsPowerShell\Modules;C:\WINDOWS\system32\WindowsPowerShell\v1.0\Modules;C:\Program Files (x86)\Adaptiva\AdaptivaClient\data\PSModules;C:\Program Files (x86)\Microsoft SQL Server\150\Tools\PowerShell\Modules\;C:\Program Files\Adaptiva\AdaptivaClient\data\PSModules" />
    <property name="sun.management.compiler" value="HotSpot 64-Bit Tiered Compilers" />
    <property name="env.PROCESSOR_IDENTIFIER" value="Intel64 Family 6 Model 140 Stepping 1, GenuineIntel" />
    <property name="java.runtime.version" value="17.0.4+11-LTS-179" />
    <property name="user.name" value="F5156165" />
    <property name="env.DriverData" value="C:\Windows\System32\Drivers\DriverData" />
    <property name="env.ProgramW6432" value="C:\Program Files" />
    <property name="env.CommonProgramFiles" value="C:\Program Files\Common Files" />
    <property name="env.PUBLIC" value="C:\Users\Public" />
    <property name="file.encoding" value="Cp1252" />
    <property name="env.COMPUTERNAME" value="FNBU923YLG3" />
    <property name="env.HOMEPATH" value="\Users\f5156165" />
    <property name="env.APPDATA" value="C:\Users\f5156165\AppData\Roaming" />
    <property name="env.SystemDrive" value="C:" />
    <property name="env.ProgramData" value="C:\ProgramData" />
    <property name="java.io.tmpdir" value="C:\Users\f5156165\AppData\Local\Temp\" />
    <property name="env.CLIENT_DEPLOY_WEB_HOST" value="wla-r1emprod" />
    <property name="java.version" value="17.0.4" />
    <property name="env.Path" value="C:\Program Files\Microsoft\jdk-11.0.12.7-hotspot\bin;C:\Program Files (x86)\Embarcadero\Studio\21.0\bin;C:\Users\Public\Documents\Embarcadero\Studio\21.0\Bpl;C:\Program Files (x86)\Embarcadero\Studio\21.0\bin64;C:\Users\Public\Documents\Embarcadero\Studio\21.0\Bpl\Win64;C:\Program Files\Microsoft MPI\Bin\;C:\Python27\;C:\Python27\Scripts;C:\ProgramData\Oracle\Java\javapath;c:\.;C:\Program Files\TortoiseGit\bin;C:\Program Files\Common Files\Oracle\Java\javapath;C:\Program Files (x86)\Common Files\Oracle\Java\javapath;C:\WINDOWS\CCM\;C:\WINDOWS\system32;C:\WINDOWS;C:\WINDOWS\System32\Wbem;C:\WINDOWS\System32\WindowsPowerShell\v1.0\;C:\WINDOWS\System32\OpenSSH\;C:\WINDOWS\system32\config\systemprofile\AppData\Local\Microsoft\WindowsApps;C:\Program Files (x86)\Adaptiva\AdaptivaClient\bin\x32;C:\Program Files (x86)\Adaptiva\AdaptivaClient\bin\x64;C:\Program Files (x86)\Microsoft SQL Server\150\Tools\Binn\;C:\Program Files\Microsoft SQL Server\150\Tools\Binn\;C:\Program Files (x86)\Microsoft SQL Server\150\DTS\Binn\;C:\Program Files\Microsoft SQL Server\150\DTS\Binn\;C:\Program Files\Microsoft SQL Server\Client SDK\ODBC\170\Tools\Binn\;C:\Program Files\Azure Data Studio\bin;C:\Python27;C:\Users\f5156165\strawberry\c\bin;C:\Users\f5156165\strawberry\perl\site\bin;C:\Users\f5156165\strawberry\perl\bin;C:\Program Files (x86)\Microsoft SQL Server\160\DTS\Binn\;C:\Program Files\Amazon\AWSCLIV2\;C:\Program Files\dotnet\;C:\WINDOWS\SysWow64\config\systemprofile\AppData\Roaming\npm;C:\WINDOWS\system32\config\systemprofile\AppData\Roaming\npm;C:\Program Files\Adaptiva\AdaptivaClient\bin\x32;C:\Program Files\Adaptiva\AdaptivaClient\bin\x64;C:\Program Files\PuTTY\;C:\Program Files\nodejs\;C:\Ruby31-x64\bin;C:\Program Files\MySQL\MySQL Shell 8.0\bin\;C:\Program Files\Java\jdk-17.0.4;C:\Users\f5156165\AppData\Local\Programs\Git\cmd;C:\Users\f5156165\AppData\Local\Microsoft\WindowsApps;C:\Users\f5156165\AppData\Local\Programs\Microsoft VS Code\bin;C:\Program Files\Azure Data Studio\bin;C:\Users\f5156165\AppData\Roaming\npm;C:\Users\f5156165\.dotnet\tools;C:\Users\f5156165\.m2\apache-maven-3.8.6\bin;" />
    <property name="env.PROCESSOR_LEVEL" value="6" />
    <property name="env.HOMEDRIVE" value="C:" />
    <property name="env.TMP" value="C:\Users\f5156165\AppData\Local\Temp" />
    <property name="java.vm.specification.name" value="Java Virtual Machine Specification" />
    <property name="ant.home" value="C:\Users\f5156165\AppData\Local\JetBrains\IntelliJ IDEA Community Edition 2022.3.1\lib\ant" />
    <property name="sun.os.patch.level" value="" />
    <property name="junit.output.dir" value="junit" />
    <property name="env.CLIENT_DEPLOY_WEB_PORT" value="18080" />
    <property name="native.encoding" value="Cp1252" />
    <property name="ant.version" value="Apache Ant(TM) version 1.10.12 compiled on October 13 2021" />
    <property name="java.library.path" value="C:\Program Files\Java\jdk-17.0.4\bin;C:\WINDOWS\Sun\Java\bin;C:\WINDOWS\system32;C:\WINDOWS;C:\Program Files\Microsoft\jdk-11.0.12.7-hotspot\bin;C:\Program Files (x86)\Embarcadero\Studio\21.0\bin;C:\Users\Public\Documents\Embarcadero\Studio\21.0\Bpl;C:\Program Files (x86)\Embarcadero\Studio\21.0\bin64;C:\Users\Public\Documents\Embarcadero\Studio\21.0\Bpl\Win64;C:\Program Files\Microsoft MPI\Bin\;C:\Python27\;C:\Python27\Scripts;C:\ProgramData\Oracle\Java\javapath;c:\.;C:\Program Files\TortoiseGit\bin;C:\Program Files\Common Files\Oracle\Java\javapath;C:\Program Files (x86)\Common Files\Oracle\Java\javapath;C:\WINDOWS\CCM\;C:\WINDOWS\system32;C:\WINDOWS;C:\WINDOWS\System32\Wbem;C:\WINDOWS\System32\WindowsPowerShell\v1.0\;C:\WINDOWS\System32\OpenSSH\;C:\WINDOWS\system32\config\systemprofile\AppData\Local\Microsoft\WindowsApps;C:\Program Files (x86)\Adaptiva\AdaptivaClient\bin\x32;C:\Program Files (x86)\Adaptiva\AdaptivaClient\bin\x64;C:\Program Files (x86)\Microsoft SQL Server\150\Tools\Binn\;C:\Program Files\Microsoft SQL Server\150\Tools\Binn\;C:\Program Files (x86)\Microsoft SQL Server\150\DTS\Binn\;C:\Program Files\Microsoft SQL Server\150\DTS\Binn\;C:\Program Files\Microsoft SQL Server\Client SDK\ODBC\170\Tools\Binn\;C:\Program Files\Azure Data Studio\bin;C:\Python27;C:\Users\f5156165\strawberry\c\bin;C:\Users\f5156165\strawberry\perl\site\bin;C:\Users\f5156165\strawberry\perl\bin;C:\Program Files (x86)\Microsoft SQL Server\160\DTS\Binn\;C:\Program Files\Amazon\AWSCLIV2\;C:\Program Files\dotnet\;C:\WINDOWS\SysWow64\config\systemprofile\AppData\Roaming\npm;C:\WINDOWS\system32\config\systemprofile\AppData\Roaming\npm;C:\Program Files\Adaptiva\AdaptivaClient\bin\x32;C:\Program Files\Adaptiva\AdaptivaClient\bin\x64;C:\Program Files\PuTTY\;C:\Program Files\nodejs\;C:\Ruby31-x64\bin;C:\Program Files\MySQL\MySQL Shell 8.0\bin\;C:\Program Files\Java\jdk-17.0.4;C:\Users\f5156165\AppData\Local\Programs\Git\cmd;C:\Users\f5156165\AppData\Local\Microsoft\WindowsApps;C:\Users\f5156165\AppData\Local\Programs\Microsoft VS Code\bin;C:\Program Files\Azure Data Studio\bin;C:\Users\f5156165\AppData\Roaming\npm;C:\Users\f5156165\.dotnet\tools;C:\Users\f5156165\.m2\apache-maven-3.8.6\bin;;." />
    <property name="java.vendor" value="Oracle Corporation" />
    <property name="env.LOGONSERVER" value="\\ISS-FNBRBGDC01V" />
    <property name="sun.io.unicode.encoding" value="UnicodeLittle" />
    <property name="ant.file.type" value="file" />
    <property name="env.USERDNSDOMAIN" value="FNB.CO.ZA" />
    <property name="java.class.path" value="C:\Users\f5156165\IdeaProjects\PokerAce\resources\pokerhand-master.jar;C:\Users\f5156165\IdeaProjects\PokerAce\resources\animal-sniffer-annotations-1.14.jar;C:\Users\f5156165\IdeaProjects\PokerAce\resources\checker-compat-qual-2.0.0.jar;C:\Users\f5156165\IdeaProjects\PokerAce\resources\error_prone_annotations-2.1.3.jar;C:\Users\f5156165\IdeaProjects\PokerAce\resources\guava-24.1-jre.jar;C:\Users\f5156165\IdeaProjects\PokerAce\resources\hamcrest-core-1.3.jar;C:\Users\f5156165\IdeaProjects\PokerAce\resources\j2objc-annotations-1.1.jar;C:\Users\f5156165\IdeaProjects\PokerAce\resources\jsr305-1.3.9.jar;C:\Users\f5156165\IdeaProjects\PokerAce;C:\Users\f5156165\IdeaProjects\PokerAce\*.*;C:\Users\f5156165\IdeaProjects\PokerAce\build\classes;C:\Users\f5156165\IdeaProjects\PokerAce\build\classes\*.*;C:\Users\f5156165\.p2\pool\plugins\org.junit_4.13.2.v20211018-1956.jar;C:\Users\f5156165\.p2\pool\plugins\org.hamcrest.core_1.3.0.v20180420-1519.jar;C:\Users\f5156165\AppData\Local\JetBrains\IntelliJ IDEA Community Edition 2022.3.1\lib\ant\lib\ant.jar" />
    <property name="env.MSMPI_BENCHMARKS" value="C:\Program Files\Microsoft MPI\Benchmarks\" />
    <property name="source" value="17" />
    <property name="java.vm.vendor" value="Oracle Corporation" />
    <property name="env.PROCESSOR_ARCHITECTURE" value="AMD64" />
    <property name="user.variant" value="" />
    <property name="env.MY_VARS" value="c:\." />
    <property name="env.SystemRoot" value="C:\WINDOWS" />
    <property name="os.name" value="Windows 10" />
    <property name="java.vm.specification.version" value="17" />
    <property name="env.ADAPTIVACLIENT" value="C:\Program Files\Adaptiva\AdaptivaClient" />
    <property name="env.CLIENT_DEPLOY_WEB_IS_HTTPS" value="0" />
    <property name="user.country" value="US" />
    <property name="sun.java.launcher" value="SUN_STANDARD" />
    <property name="env.OneDriveSync" value="C:\Users\f5156165\OneDrive - FRG" />
    <property name="env.USERDOMAIN" value="FNBJNB01" />
    <property name="sun.cpu.endian" value="little" />
    <property name="user.home" value="C:\Users\f5156165" />
    <property name="user.language" value="en" />
    <property name="env.ALLUSERSPROFILE" value="C:\ProgramData" />
    <property name="ant.java.version" value="17" />
    <property name="env.SESSIONNAME" value="Console" />
    <property name="env.IDEA_INITIAL_DIRECTORY" value="C:\Users\f5156165\AppData\Local\JetBrains\IntelliJ IDEA Community Edition 2022.3.1\bin" />
    <property name="env.MAVEN_HOME" value="C:\Users\f5156165\.m2\apache-maven-3.8.6" />
    <property name="env.windir" value="C:\WINDOWS" />
    <property name="ant.file" value="C:\Users\f5156165\IdeaProjects\PokerAce\build.xml" />
    <property name="path.separator" value=";" />
    <property name="os.version" value="10.0" />
    <property name="java.runtime.name" value="Java(TM) SE Runtime Environment" />
    <property name="env.CommonProgramFiles(x86)" value="C:\Program Files (x86)\Common Files" />
    <property name="env.PATHEXT" value=".COM;.EXE;.BAT;.CMD;.VBS;.VBE;.JS;.JSE;.WSF;.WSH;.MSC;.RB;.RBW" />
    <property name="ant.project.invoked-targets" value="MainTest" />
    <property name="java.vm.name" value="Java HotSpot(TM) 64-Bit Server VM" />
    <property name="ant.file.type.PokerAce" value="file" />
    <property name="ant.core.lib" value="C:\Users\f5156165\AppData\Local\JetBrains\IntelliJ IDEA Community Edition 2022.3.1\lib\ant\lib\ant.jar" />
    <property name="java.vendor.url.bug" value="https://bugreport.java.com/bugreport/" />
    <property name="user.dir" value="C:\Users\f5156165\IdeaProjects\PokerAce" />
    <property name="env.USERNAME" value="F5156165" />
    <property name="os.arch" value="amd64" />
    <property name="target" value="17" />
    <property name="env.ProgramFiles(x86)" value="C:\Program Files (x86)" />
    <property name="java.vm.info" value="mixed mode, sharing" />
    <property name="java.vm.version" value="17.0.4+11-LTS-179" />
    <property name="ant.file.PokerAce" value="C:\Users\f5156165\IdeaProjects\PokerAce\build.xml" />
    <property name="env.TEMP" value="C:\Users\f5156165\AppData\Local\Temp" />
    <property name="java.class.version" value="61.0" />
    <property name="env.OneDrive" value="C:\Users\f5156165\OneDrive - FRG" />
    <property name="ant.project.default-target" value="build-project" />
  </properties>
  <error message="za.co.pokerface.test.MainTest" type="java.lang.ClassNotFoundException">java.lang.ClassNotFoundException: za.co.pokerface.test.MainTest
	at java.base/jdk.internal.loader.BuiltinClassLoader.loadClass(BuiltinClassLoader.java:641)
	at java.base/jdk.internal.loader.ClassLoaders$AppClassLoader.loadClass(ClassLoaders.java:188)
	at java.base/java.lang.ClassLoader.loadClass(ClassLoader.java:520)
	at java.base/java.lang.Class.forName0(Native Method)
	at java.base/java.lang.Class.forName(Class.java:467)
</error>
  <system-out><![CDATA[]]></system-out>
  <system-err><![CDATA[]]></system-err>
</testsuite>
